Examples\*.dll
Examples\*.exe
Examples\x64\*.dll
Examples\x64\*.exe
Lib\Obj\
Lib\Obj64\
Lib\Sym\.gitignore
Lib\Sym64\.gitignore
Lib\Test\
Lib\Test64\
Linux_arm\Bin\
Linux_arm\Obj\*.c
Linux_arm\Obj\*.h
Linux_arm\Lib\Sym\.gitignore
Linux_arm\Sym\.gitignore
Linux_x64\Bin\
Linux_x64\Obj\*.c
Linux_x64\Obj\*.h
Linux_x64\Lib\Sym\.gitignore
Linux_x64\Lib\Test\
Linux_x64\Sym\.gitignore
Linux_x86\Bin\
Linux_x86\Obj\*.c
Linux_x86\Obj\*.h
Linux_x86\Lib\Sym\.gitignore
Linux_x86\Lib\Test\
Linux_x86\Sym\.gitignore
Rsrc\Text\
