Docu\OberonX\
Docu\Aria&Tools.txt
Docu\CP.pdf
Docu\CP-New.pdf
Docu\differ.htm
Docu\ImportGraph.txt
Docu\oakwood-guidelines.pdf
Docu\Oberon07.Report.pdf
Docu\Oberon-3.rtf
Docu\Ofront.odc
Docu\Ofront.pdf
Docu\Ofront+.doc
Docu\OfrontUser.doc
Docu\OMake.txt
Docu\report-1992.html
Examples\
Mod\Lib\
Target\BlackBox\Mod\*.odc
Target\BlackBox\Rsrc\*.odc
Target\Linux_amd64\
Target\Linux_armv7\
Target\Linux_i386\
Target\macOS\
Target\Win32\Bin\
Target\Win32\Examples\
Target\Win32\Lib\
Target\Win32\Obj\
Target\Win32\Sym\
Target\Win32\graphviz.exe
Target\Win32\ocat.exe
Target\Win32\odc2txt.exe
Target\Win32\oef.exe
Target\Win32\ofront+.exe
Target\Win32\omake.exe
Target\Win32\showdef.exe
Target\Win64\Bin\
Target\Win64\Examples\
Target\Win64\Lib\
Target\Win64\Obj\
Target\Win64\Sym\
Target\Win64\graphviz.exe
Target\Win64\ocat.exe
Target\Win64\odc2txt.exe
Target\Win64\oef.exe
Target\Win64\ofront+.exe
Target\Win64\omake.exe
Target\Win64\showdef.exe
*.txt
